2015-06-16 12:36:50,521 [Worker-8] INFO  o.e.m.c.i.l.LifecycleMappingFactory - Using org.eclipse.m2e.jdt.JarLifecycleMapping lifecycle mapping for MavenProject: com.ameyamm.mcsthesis.cassandra-loader:cassandra-loader:0.0.1 @ /home/ameya/uOttawa/MCS/Thesis/Work/workspace/mcs-thesis/cassandra-loader/pom.xml.
2015-06-16 12:36:51,127 [Worker-8] INFO  o.e.m.j.i.AbstractJavaProjectConfigurator - Adding source folder /cassandra-loader/src/main/java
2015-06-16 12:36:51,129 [Worker-8] INFO  o.e.m.j.i.AbstractJavaProjectConfigurator - Adding resource folder /cassandra-loader/src/main/resources
2015-06-16 12:36:51,130 [Worker-8] INFO  o.e.m.j.i.AbstractJavaProjectConfigurator - Adding source folder /cassandra-loader/src/test/java
2015-06-16 12:36:51,130 [Worker-8] INFO  o.e.m.j.i.AbstractJavaProjectConfigurator - Adding resource folder /cassandra-loader/src/test/resources
2015-06-16 12:36:52,276 [Worker-7] INFO  o.e.m.c.i.l.LifecycleMappingFactory - Using org.eclipse.m2e.jdt.JarLifecycleMapping lifecycle mapping for MavenProject: com.ameyamm.mcsthesis.cassandra-loader:cassandra-loader:0.0.1 @ /home/ameya/uOttawa/MCS/Thesis/Work/workspace/mcs-thesis/cassandra-loader/pom.xml.
2015-06-16 12:36:53,069 [Worker-10] WARN  o.e.m.c.i.embedder.EclipseLogger - Using platform encoding (UTF-8 actually) to copy filtered resources, i.e. build is platform dependent!
2015-06-16 12:36:53,084 [Worker-10] INFO  o.e.m.c.i.embedder.EclipseLogger - Copying 0 resource
2015-06-16 12:36:53,087 [Worker-10] WARN  o.e.m.c.i.embedder.EclipseLogger - Using platform encoding (UTF-8 actually) to copy filtered resources, i.e. build is platform dependent!
2015-06-16 12:36:53,088 [Worker-10] INFO  o.e.m.c.i.embedder.EclipseLogger - Copying 0 resource
2015-06-16 12:38:05,021 [Worker-11] INFO  o.e.m.c.i.l.LifecycleMappingFactory - Using org.eclipse.m2e.jdt.JarLifecycleMapping lifecycle mapping for MavenProject: com.ameyamm.mcsthesis:cassandra-load:0.0.1 @ /home/ameya/uOttawa/MCS/Thesis/Work/workspace/mcs-thesis/cassandra-loader/pom.xml.
2015-06-16 12:38:09,290 [Worker-11] INFO  o.e.m.c.i.embedder.EclipseLogger - Using 'UTF-8' encoding to copy filtered resources.
2015-06-16 12:38:09,293 [Worker-11] INFO  o.e.m.c.i.embedder.EclipseLogger - Copying 0 resource
2015-06-16 12:38:09,304 [Worker-11] INFO  o.e.m.c.i.embedder.EclipseLogger - Using 'UTF-8' encoding to copy filtered resources.
2015-06-16 12:38:09,305 [Worker-11] INFO  o.e.m.c.i.embedder.EclipseLogger - Copying 0 resource
2015-06-16 12:38:42,347 [Worker-9] INFO  o.e.m.c.i.embedder.EclipseLogger - Using 'UTF-8' encoding to copy filtered resources.
2015-06-16 12:38:42,347 [Worker-9] INFO  o.e.m.c.i.embedder.EclipseLogger - Copying 0 resource
2015-06-16 12:38:42,349 [Worker-9] INFO  o.e.m.c.i.embedder.EclipseLogger - Using 'UTF-8' encoding to copy filtered resources.
2015-06-16 12:38:42,350 [Worker-9] INFO  o.e.m.c.i.embedder.EclipseLogger - Copying 0 resource
2015-06-16 12:39:30,237 [Worker-11] INFO  o.e.m.c.i.l.LifecycleMappingFactory - Using org.eclipse.m2e.jdt.JarLifecycleMapping lifecycle mapping for MavenProject: com.ameyamm.mcsthesis:cassandra-load:0.0.1 @ /home/ameya/uOttawa/MCS/Thesis/Work/workspace/mcs-thesis/cassandra-loader/pom.xml.
2015-06-16 12:39:30,958 [Worker-11] INFO  o.e.m.c.i.embedder.EclipseLogger - Using 'UTF-8' encoding to copy filtered resources.
2015-06-16 12:39:30,959 [Worker-11] INFO  o.e.m.c.i.embedder.EclipseLogger - Copying 0 resource
2015-06-16 12:39:30,960 [Worker-11] INFO  o.e.m.c.i.embedder.EclipseLogger - Using 'UTF-8' encoding to copy filtered resources.
2015-06-16 12:39:30,960 [Worker-11] INFO  o.e.m.c.i.embedder.EclipseLogger - Copying 0 resource
2015-06-16 12:39:50,148 [Worker-11] INFO  o.e.m.c.i.p.ProjectConfigurationManager - Update started
2015-06-16 12:39:50,247 [Worker-11] INFO  o.e.m.c.i.l.LifecycleMappingFactory - Using org.eclipse.m2e.jdt.JarLifecycleMapping lifecycle mapping for MavenProject: com.ameyamm.mcsthesis:cassandra-load:0.0.1 @ /home/ameya/uOttawa/MCS/Thesis/Work/workspace/mcs-thesis/cassandra-loader/pom.xml.
2015-06-16 12:39:50,934 [Worker-11] INFO  o.e.m.j.i.AbstractJavaProjectConfigurator - Adding source folder /cassandra-loader/src/main/scala
2015-06-16 12:39:50,934 [Worker-11] INFO  o.e.m.j.i.AbstractJavaProjectConfigurator - Adding resource folder /cassandra-loader/src/main/resources
2015-06-16 12:39:50,937 [Worker-11] INFO  o.e.m.j.i.AbstractJavaProjectConfigurator - Adding source folder /cassandra-loader/src/test/scala
2015-06-16 12:39:50,937 [Worker-11] INFO  o.e.m.j.i.AbstractJavaProjectConfigurator - Adding resource folder /cassandra-loader/src/test/resources
2015-06-16 12:39:52,535 [Worker-11] INFO  o.e.m.c.i.l.LifecycleMappingFactory - Using org.eclipse.m2e.jdt.JarLifecycleMapping lifecycle mapping for MavenProject: com.ameyamm.mcsthesis:cassandra-load:0.0.1 @ /home/ameya/uOttawa/MCS/Thesis/Work/workspace/mcs-thesis/cassandra-loader/pom.xml.
2015-06-16 12:39:52,915 [Worker-11] INFO  o.e.m.c.i.p.ProjectConfigurationManager - Update completed: 2 sec
2015-06-16 12:39:54,003 [Worker-12] INFO  o.e.m.c.i.l.LifecycleMappingFactory - Using org.eclipse.m2e.jdt.JarLifecycleMapping lifecycle mapping for MavenProject: com.ameyamm.mcsthesis:cassandra-load:0.0.1 @ /home/ameya/uOttawa/MCS/Thesis/Work/workspace/mcs-thesis/cassandra-loader/pom.xml.
2015-06-16 12:39:54,786 [Worker-12] INFO  o.e.m.c.i.embedder.EclipseLogger - Using 'UTF-8' encoding to copy filtered resources.
2015-06-16 12:39:54,787 [Worker-12] INFO  o.e.m.c.i.embedder.EclipseLogger - Copying 0 resource
2015-06-16 12:39:54,789 [Worker-12] INFO  o.e.m.c.i.embedder.EclipseLogger - Using 'UTF-8' encoding to copy filtered resources.
2015-06-16 12:39:54,789 [Worker-12] INFO  o.e.m.c.i.embedder.EclipseLogger - Copying 0 resource
2015-06-16 12:40:17,277 [Worker-1] INFO  o.e.m.c.i.embedder.EclipseLogger - Using 'UTF-8' encoding to copy filtered resources.
2015-06-16 12:40:17,277 [Worker-1] INFO  o.e.m.c.i.embedder.EclipseLogger - Copying 0 resource
2015-06-16 12:40:17,283 [Worker-1] INFO  o.e.m.c.i.embedder.EclipseLogger - Using 'UTF-8' encoding to copy filtered resources.
2015-06-16 12:40:17,284 [Worker-1] INFO  o.e.m.c.i.embedder.EclipseLogger - Copying 0 resource
2015-06-16 12:40:17,453 [Worker-11] INFO  o.e.m.c.i.embedder.EclipseLogger - Using 'UTF-8' encoding to copy filtered resources.
2015-06-16 12:40:17,454 [Worker-11] INFO  o.e.m.c.i.embedder.EclipseLogger - Copying 0 resource
2015-06-16 12:40:17,455 [Worker-11] INFO  o.e.m.c.i.embedder.EclipseLogger - Using 'UTF-8' encoding to copy filtered resources.
2015-06-16 12:40:17,456 [Worker-11] INFO  o.e.m.c.i.embedder.EclipseLogger - Copying 0 resource
2015-06-16 12:40:28,147 [main] INFO  o.e.m2e.actions.ExecutePomAction - Creating new launch configuration
2015-06-16 12:40:42,319 [Worker-12] INFO  o.e.m.c.i.embedder.EclipseLogger - Using 'UTF-8' encoding to copy filtered resources.
2015-06-16 12:40:42,342 [Worker-12] INFO  o.e.m.c.i.embedder.EclipseLogger - Copying 0 resource
2015-06-16 12:40:42,349 [Worker-12] INFO  o.e.m.c.i.embedder.EclipseLogger - Using 'UTF-8' encoding to copy filtered resources.
2015-06-16 12:40:42,350 [Worker-12] INFO  o.e.m.c.i.embedder.EclipseLogger - Copying 0 resource
2015-06-16 12:40:42,504 [Worker-13] INFO  o.e.m.i.launch.MavenLaunchDelegate - /home/ameya/uOttawa/MCS/Thesis/Work/workspace/mcs-thesis/cassandra-loader
2015-06-16 12:40:42,506 [Worker-13] INFO  o.e.m.i.launch.MavenLaunchDelegate -  mvn  -B package
2015-06-16 12:41:45,053 [Worker-11] INFO  o.e.m.c.i.embedder.EclipseLogger - Using 'UTF-8' encoding to copy filtered resources.
2015-06-16 12:41:45,121 [Worker-11] INFO  o.e.m.c.i.embedder.EclipseLogger - Copying 0 resource
2015-06-16 12:41:45,123 [Worker-11] INFO  o.e.m.c.i.embedder.EclipseLogger - Using 'UTF-8' encoding to copy filtered resources.
2015-06-16 12:41:45,123 [Worker-11] INFO  o.e.m.c.i.embedder.EclipseLogger - Copying 0 resource
2015-06-16 12:41:45,362 [Worker-13] INFO  o.e.m.c.i.embedder.EclipseLogger - Using 'UTF-8' encoding to copy filtered resources.
2015-06-16 12:41:45,363 [Worker-13] INFO  o.e.m.c.i.embedder.EclipseLogger - Copying 0 resource
2015-06-16 12:41:45,366 [Worker-13] INFO  o.e.m.c.i.embedder.EclipseLogger - Using 'UTF-8' encoding to copy filtered resources.
2015-06-16 12:41:45,367 [Worker-13] INFO  o.e.m.c.i.embedder.EclipseLogger - Copying 0 resource
2015-06-16 12:41:57,179 [Worker-12] INFO  o.e.m.c.i.embedder.EclipseLogger - Using 'UTF-8' encoding to copy filtered resources.
2015-06-16 12:41:57,180 [Worker-12] INFO  o.e.m.c.i.embedder.EclipseLogger - Copying 0 resource
2015-06-16 12:41:57,183 [Worker-12] INFO  o.e.m.c.i.embedder.EclipseLogger - Using 'UTF-8' encoding to copy filtered resources.
2015-06-16 12:41:57,184 [Worker-12] INFO  o.e.m.c.i.embedder.EclipseLogger - Copying 0 resource
